
*** Running vivado
    with args -log lab6_top.vds -m64 -product Vivado -mode batch -messageDb vivado.pb -notrace -source lab6_top.tcl



****** Vivado v2020.1 (64-bit)
  **** SW Build 2902540 on Wed May 27 19:54:49 MDT 2020
  **** IP Build 2902112 on Wed May 27 22:43:36 MDT 2020
    ** Copyright 1986-2020 Xilinx, Inc. All Rights Reserved.

source lab6_top.tcl -notrace
Command: synth_design -top lab6_top -part xc7a35tcpg236-1
Starting synth_design
Attempting to get a license for feature 'Synthesis' and/or device 'xc7a35t'
INFO: [Common 17-349] Got license for feature 'Synthesis' and/or device 'xc7a35t'
INFO: [Device 21-403] Loading part xc7a35tcpg236-1
INFO: [Synth 8-7079] Multithreading enabled for synth_design using a maximum of 2 processes.
INFO: [Synth 8-7078] Launching helper process for spawning children vivado processes
INFO: [Synth 8-7075] Helper process launched with PID 30208
---------------------------------------------------------------------------------
Starting RTL Elaboration : Time (s): cpu = 00:00:11 ; elapsed = 00:00:13 . Memory (MB): peak = 1027.492 ; gain = 0.000
---------------------------------------------------------------------------------
INFO: [Synth 8-6157] synthesizing module 'lab6_top' [C:/Users/IBM/Desktop/Lab06_CA/Lab06_CA/Lab06_CA.srcs/sources_1/new/lab6_top.v:3]
INFO: [Synth 8-6157] synthesizing module 'debouncer' [C:/Users/IBM/Desktop/Lab06_CA/Lab06_CA/Lab06_CA.srcs/sources_1/new/debouncer.v:1]
	Parameter THRESHOLD bound to: 17'b11000011010100000 
INFO: [Synth 8-6155] done synthesizing module 'debouncer' (1#1) [C:/Users/IBM/Desktop/Lab06_CA/Lab06_CA/Lab06_CA.srcs/sources_1/new/debouncer.v:1]
INFO: [Synth 8-6157] synthesizing module 'switches' [C:/Users/IBM/Desktop/Lab06_CA/Lab06_CA/Lab06_CA.srcs/sources_1/new/switches.v:1]
INFO: [Synth 8-6155] done synthesizing module 'switches' (2#1) [C:/Users/IBM/Desktop/Lab06_CA/Lab06_CA/Lab06_CA.srcs/sources_1/new/switches.v:1]
INFO: [Synth 8-6157] synthesizing module 'ALU' [C:/Users/IBM/Desktop/Lab06_CA/Lab06_CA/Lab06_CA.srcs/sources_1/new/ALU.v:3]
INFO: [Synth 8-6157] synthesizing module 'ALU_1bit' [C:/Users/IBM/Desktop/Lab06_CA/Lab06_CA/Lab06_CA.srcs/sources_1/new/ALU_1bit.v:3]
INFO: [Synth 8-6155] done synthesizing module 'ALU_1bit' (3#1) [C:/Users/IBM/Desktop/Lab06_CA/Lab06_CA/Lab06_CA.srcs/sources_1/new/ALU_1bit.v:3]
INFO: [Synth 8-6155] done synthesizing module 'ALU' (4#1) [C:/Users/IBM/Desktop/Lab06_CA/Lab06_CA/Lab06_CA.srcs/sources_1/new/ALU.v:3]
INFO: [Synth 8-6157] synthesizing module 'fsm_counter' [C:/Users/IBM/Desktop/Lab06_CA/Lab06_CA/Lab06_CA.srcs/sources_1/new/fsm_counter.v:1]
INFO: [Synth 8-6155] done synthesizing module 'fsm_counter' (5#1) [C:/Users/IBM/Desktop/Lab06_CA/Lab06_CA/Lab06_CA.srcs/sources_1/new/fsm_counter.v:1]
INFO: [Synth 8-6157] synthesizing module 'sevenseg_basys3' [C:/Users/IBM/Desktop/Lab06_CA/Lab06_CA/Lab06_CA.srcs/sources_1/new/sevenseg_basys3.v:1]
INFO: [Synth 8-6155] done synthesizing module 'sevenseg_basys3' (6#1) [C:/Users/IBM/Desktop/Lab06_CA/Lab06_CA/Lab06_CA.srcs/sources_1/new/sevenseg_basys3.v:1]
INFO: [Synth 8-6155] done synthesizing module 'lab6_top' (7#1) [C:/Users/IBM/Desktop/Lab06_CA/Lab06_CA/Lab06_CA.srcs/sources_1/new/lab6_top.v:3]
---------------------------------------------------------------------------------
Finished RTL Elaboration : Time (s): cpu = 00:00:13 ; elapsed = 00:00:17 . Memory (MB): peak = 1027.492 ; gain = 0.000
---------------------------------------------------------------------------------
---------------------------------------------------------------------------------
Start Handling Custom Attributes
---------------------------------------------------------------------------------
---------------------------------------------------------------------------------
Finished Handling Custom Attributes : Time (s): cpu = 00:00:15 ; elapsed = 00:00:18 . Memory (MB): peak = 1027.492 ; gain = 0.000
---------------------------------------------------------------------------------
---------------------------------------------------------------------------------
Finished RTL Optimization Phase 1 : Time (s): cpu = 00:00:15 ; elapsed = 00:00:18 . Memory (MB): peak = 1027.492 ; gain = 0.000
---------------------------------------------------------------------------------
Netlist sorting complete. Time (s): cpu = 00:00:00 ; elapsed = 00:00:00.016 . Memory (MB): peak = 1027.492 ; gain = 0.000
INFO: [Project 1-570] Preparing netlist for logic optimization

Processing XDC Constraints
Initializing timing engine
Parsing XDC File [C:/Users/IBM/Desktop/Lab06_CA/Lab06_CA/Lab06_CA.srcs/constrs_1/new/lab6.xdc]
Finished Parsing XDC File [C:/Users/IBM/Desktop/Lab06_CA/Lab06_CA/Lab06_CA.srcs/constrs_1/new/lab6.xdc]
INFO: [Project 1-236] Implementation specific constraints were found while reading constraint file [C:/Users/IBM/Desktop/Lab06_CA/Lab06_CA/Lab06_CA.srcs/constrs_1/new/lab6.xdc]. These constraints will be ignored for synthesis but will be used in implementation. Impacted constraints are listed in the file [.Xil/lab6_top_propImpl.xdc].
Resolution: To avoid this warning, move constraints listed in [.Xil/lab6_top_propImpl.xdc] to another XDC file and exclude this new file from synthesis with the used_in_synthesis property (File Properties dialog in GUI) and re-run elaboration/synthesis.
Completed Processing XDC Constraints

Netlist sorting complete. Time (s): cpu = 00:00:00 ; elapsed = 00:00:00.001 . Memory (MB): peak = 1036.523 ; gain = 0.000
INFO: [Project 1-111] Unisim Transformation Summary:
No Unisim elements were transformed.

Constraint Validation Runtime : Time (s): cpu = 00:00:00 ; elapsed = 00:00:00.028 . Memory (MB): peak = 1036.523 ; gain = 0.000
---------------------------------------------------------------------------------
Finished Constraint Validation : Time (s): cpu = 00:00:32 ; elapsed = 00:00:41 . Memory (MB): peak = 1036.523 ; gain = 9.031
---------------------------------------------------------------------------------
---------------------------------------------------------------------------------
Start Loading Part and Timing Information
---------------------------------------------------------------------------------
Loading part: xc7a35tcpg236-1
---------------------------------------------------------------------------------
Finished Loading Part and Timing Information : Time (s): cpu = 00:00:32 ; elapsed = 00:00:41 . Memory (MB): peak = 1036.523 ; gain = 9.031
---------------------------------------------------------------------------------
---------------------------------------------------------------------------------
Start Applying 'set_property' XDC Constraints
---------------------------------------------------------------------------------
---------------------------------------------------------------------------------
Finished applying 'set_property' XDC Constraints : Time (s): cpu = 00:00:32 ; elapsed = 00:00:42 . Memory (MB): peak = 1036.523 ; gain = 9.031
---------------------------------------------------------------------------------
---------------------------------------------------------------------------------
Finished RTL Optimization Phase 2 : Time (s): cpu = 00:00:33 ; elapsed = 00:00:43 . Memory (MB): peak = 1036.523 ; gain = 9.031
---------------------------------------------------------------------------------
---------------------------------------------------------------------------------
Start RTL Component Statistics 
---------------------------------------------------------------------------------
Detailed RTL Component Info : 
+---Adders : 
	   3 Input    2 Bit       Adders := 32    
+---XORs : 
	   2 Input      1 Bit         XORs := 32    
+---Registers : 
	               16 Bit    Registers := 2     
	                1 Bit    Registers := 1     
+---Muxes : 
	   4 Input   32 Bit        Muxes := 1     
	   2 Input   32 Bit        Muxes := 2     
	   4 Input    4 Bit        Muxes := 2     
	   2 Input    1 Bit        Muxes := 32    
---------------------------------------------------------------------------------
Finished RTL Component Statistics 
---------------------------------------------------------------------------------
---------------------------------------------------------------------------------
Start Part Resource Summary
---------------------------------------------------------------------------------
Part Resources:
DSPs: 90 (col length:60)
BRAMs: 100 (col length: RAMB18 60 RAMB36 30)
---------------------------------------------------------------------------------
Finished Part Resource Summary
---------------------------------------------------------------------------------
---------------------------------------------------------------------------------
Start Cross Boundary and Area Optimization
---------------------------------------------------------------------------------
---------------------------------------------------------------------------------
Finished Cross Boundary and Area Optimization : Time (s): cpu = 00:00:54 ; elapsed = 00:01:07 . Memory (MB): peak = 1036.523 ; gain = 9.031
---------------------------------------------------------------------------------
